<?xml version="1.0" encoding="UTF-8"?>
<!-- Generated by org.testng.reporters.JUnitXMLReporter -->
<testsuite ignored="0" hostname="DESKTOP-AQK5GD2" failures="0" tests="3" name="Surefire test" time="29.381" errors="0" timestamp="2022-08-28T10:56:14 PDT">
  <testcase classname="com.qacart.todo.testcases.LoginTest" name="LoginToApp" time="5.088"/>
  <testcase classname="com.qacart.todo.testcases.TodoTest" name="deleteTodo" time="15.733"/>
  <testcase classname="com.qacart.todo.testcases.TodoTest" name="addNewTodo" time="16.321"/>
</testsuite> <!-- Surefire test -->
