<?xml version="1.0" encoding="UTF-8"?>
<testsuite xmlns:xsi="http://www.w3.org/2001/XMLSchema-instance" xsi:noNamespaceSchemaLocation="https://maven.apache.org/surefire/maven-surefire-plugin/xsd/surefire-test-report-3.0.xsd" version="3.0" name="TestSuite" time="31.57" tests="3" errors="0" skipped="0" failures="0">
  <properties>
[...]
</properties>
  <testcase name="LoginToApp" classname="com.qacart.todo.testcases.LoginTest" time="4.933">
    <system-err><![CDATA[SLF4J: Failed to load class "org.slf4j.impl.StaticLoggerBinder".
SLF4J: Defaulting to no-operation (NOP) logger implementation
SLF4J: See http://www.slf4j.org/codes.html#StaticLoggerBinder for further details.
Starting ChromeDriver 104.0.5112.79 (3cf3e8c8a07d104b9e1260c910efb8f383285dc5-refs/branch-heads/5112@{#1307}) on port 51985
Only local connections are allowed.
Please see https://chromedriver.chromium.org/security-considerations for suggestions on keeping ChromeDriver safe.
Starting ChromeDriver 104.0.5112.79 (3cf3e8c8a07d104b9e1260c910efb8f383285dc5-refs/branch-heads/5112@{#1307}) on port 50464
Only local connections are allowed.
Please see https://chromedriver.chromium.org/security-considerations for suggestions on keeping ChromeDriver safe.
Starting ChromeDriver 104.0.5112.79 (3cf3e8c8a07d104b9e1260c910efb8f383285dc5-refs/branch-heads/5112@{#1307}) on port 63869
Only local connectionsC ahrreo maelDlroiwevde.r 
wPalse asstea rsteeed  hstutcpcse:s/s/fuclhlryo.me
driver.chromium.org/security-considerations for suggestions on keeping ChromeDriver safe.
ChromeDriver was started successfully.
ChromeDriver was started successfully.
Aug 28, 2022 10:55:53 AM org.openqa.selenium.remote.ProtocolHandshake createSession
INFO: Detected upstream dialect: W3C
Aug 28, 2022 10:55:54 AM org.openqa.selenium.remote.ProtocolHandshake createSession
INFO: Detected upstream dialect: W3C
Aug 28, 2022 10:55:54 AM org.openqa.selenium.devtools.CdpVersionFinder findNearestMatch
INFO: Found exact CDP implementation for version 104
Aug 28, 2022 10:55:54 AM org.openqa.selenium.remote.ProtocolHandshake createSession
INFO: Detected upstream dialect: W3C
Aug 28, 2022 10:55:54 AM org.openqa.selenium.devtools.CdpVersionFinder findNearestMatch
INFO: Found exact CDP implementation for version 104
Aug 28, 2022 10:55:54 AM org.openqa.selenium.devtools.CdpVersionFinder findNearestMatch
INFO: Found exact CDP implementation for version 104
]]></system-err>
  </testcase>
  <testcase name="deleteTodo" classname="com.qacart.todo.testcases.TodoTest" time="15.763">
    <system-out><![CDATA[Request method:	POST
Request URI:	https://qacart-todo.herokuapp.com/api/v1/users/register
Proxy:			<none>
Request params:	<none>
Query params:	<none>
Form params:	<none>
Path params:	<none>
Headers:		Accept=*/*
				Content-Type=application/json
Cookies:		<none>
Multiparts:		<none>
Body:
{
    "email": "chauncey.kuhlman@yahoo.com",
    "password": "6it4ni81zg6tyn",
    "firstName": "Noel",
    "lastName": "Morissette"
}
Request method:	POST
Request URI:	https://qacart-todo.herokuapp.com/api/v1/users/register
Proxy:			<none>
Request params:	<none>
Query params:	<none>
Form params:	<none>
Path params:	<none>
Headers:		Accept=*/*
				Content-Type=application/json
Cookies:		<none>
Multiparts:		<none>
Body:
{
    "email": "nickolas.bernhard@gmail.com",
    "password": "xrczsjtti",
    "firstName": "Devora",
    "lastName": "Krajcik"
}
HTTP/1.1 201 Created
Server: Cowboy
Connection: keep-alive
X-Powered-By: Express
Access-Control-Allow-Origin: *
Set-Cookie: access_token=eyJhbGciOiJIUzI1NiIsInR5cCI6IkpXVCJ9.eyJpZCI6IjYzMGJjOGViNzY5MmFmMDAxNmVhYzNmNCIsImZpcnN0TmFtZSI6Ik5vZWwiLCJsYXN0TmFtZSI6Ik1vcmlzc2V0dGUiLCJpYXQiOjE2NjE3MTY3MTV9.jZpFd0JlyZdNOesReuOXohgH5W4tTvXJUk3HrlsZwIk; Path=/
Set-Cookie: userID=j%3A%22630bc8eb7692af0016eac3f4%22; Path=/
Set-Cookie: firstName=Noel; Path=/
Content-Type: application/json; charset=utf-8
Content-Length: 279
Etag: W/"117-mwWl3FYt6RRZUaOmaWMcJ1zaIms"
Date: Sun, 28 Aug 2022 19:58:35 GMT
Via: 1.1 vegur

{
    "access_token": "eyJhbGciOiJIUzI1NiIsInR5cCI6IkpXVCJ9.eyJpZCI6IjYzMGJjOGViNzY5MmFmMDAxNmVhYzNmNCIsImZpcnN0TmFtZSI6Ik5vZWwiLCJsYXN0TmFtZSI6Ik1vcmlzc2V0dGUiLCJpYXQiOjE2NjE3MTY3MTV9.jZpFd0JlyZdNOesReuOXohgH5W4tTvXJUk3HrlsZwIk",
    "userID": "630bc8eb7692af0016eac3f4",
    "firstName": "Noel"
}
HTTP/1.1 201 Created
Server: Cowboy
Connection: keep-alive
X-Powered-By: Express
Access-Control-Allow-Origin: *
Set-Cookie: access_token=eyJhbGciOiJIUzI1NiIsInR5cCI6IkpXVCJ9.eyJpZCI6IjYzMGJjOGViNzY5MmFmMDAxNmVhYzNmNiIsImZpcnN0TmFtZSI6IkRldm9yYSIsImxhc3ROYW1lIjoiS3JhamNpayIsImlhdCI6MTY2MTcxNjcxNX0.pSRFaGPgaPufn6ZDPWNzD2qcPvHGPIufiEzeMnTKZJM; Path=/
Set-Cookie: userID=j%3A%22630bc8eb7692af0016eac3f6%22; Path=/
Set-Cookie: firstName=Devora; Path=/
Content-Type: application/json; charset=utf-8
Content-Length: 280
Etag: W/"118-Z6zUuY3jjS7Vr3esn8EgxXNYB+0"
Date: Sun, 28 Aug 2022 19:58:35 GMT
Via: 1.1 vegur

{
    "access_token": "eyJhbGciOiJIUzI1NiIsInR5cCI6IkpXVCJ9.eyJpZCI6IjYzMGJjOGViNzY5MmFmMDAxNmVhYzNmNiIsImZpcnN0TmFtZSI6IkRldm9yYSIsImxhc3ROYW1lIjoiS3JhamNpayIsImlhdCI6MTY2MTcxNjcxNX0.pSRFaGPgaPufn6ZDPWNzD2qcPvHGPIufiEzeMnTKZJM",
    "userID": "630bc8eb7692af0016eac3f6",
    "firstName": "Devora"
}
HTTP/1.1 201 Created
Server: Cowboy
Connection: keep-alive
X-Powered-By: Express
Access-Control-Allow-Origin: *
Content-Type: application/json; charset=utf-8
Content-Length: 175
Etag: W/"af-WDXYwlQUcZ1486Tg/bs+tzmRjAI"
Date: Sun, 28 Aug 2022 19:58:38 GMT
Via: 1.1 vegur

{
    "addedTask": {
        "isCompleted": false,
        "_id": "630bc8ee7692af0016eac3f8",
        "item": "learn Selenium",
        "userID": "630bc8eb7692af0016eac3f6",
        "createdAt": "2022-08-28T19:58:38.795Z",
        "__v": 0
    }
}
]]></system-out>
  </testcase>
  <testcase name="addNewTodo" classname="com.qacart.todo.testcases.TodoTest" time="16.266"/>
</testsuite>